<?xml version="1.0" encoding="UTF-8"?>
<testng-results ignored="0" total="3" passed="3" failed="0" skipped="0">
  <reporter-output>
  </reporter-output>
  <suite started-at="2024-12-05T10:25:01 WIB" name="Default suite" finished-at="2024-12-05T10:25:24 WIB" duration-ms="22891">
    <groups>
      <group name="cucumber">
        <method signature="AbstractTestNGCucumberTests.runScenario(io.cucumber.testng.PickleWrapper,io.cucumber.testng.FeatureWrapper)[pri:0, instance:com.testorangehrm.runner.Runner@49e53c76]" name="runScenario" class="io.cucumber.testng.AbstractTestNGCucumberTests"/>
      </group> <!-- cucumber -->
    </groups>
    <test started-at="2024-12-05T10:25:01 WIB" name="Default test" finished-at="2024-12-05T10:25:24 WIB" duration-ms="22891">
      <class name="com.testorangehrm.runner.Runner">
        <test-method is-config="true" signature="setUpClass(org.testng.ITestContext)[pri:0, instance:com.testorangehrm.runner.Runner@49e53c76]" started-at="2024-12-05T10:25:01 WIB" name="setUpClass" finished-at="2024-12-05T10:25:01 WIB" duration-ms="103" status="PASS">
          <params>
            <param index="0">
              <value>
                <![CDATA[org.testng.TestRunner@47a7a101]]>
              </value>
            </param>
          </params>
          <reporter-output>
          </reporter-output>
        </test-method> <!-- setUpClass -->
        <test-method signature="runScenario(io.cucumber.testng.PickleWrapper,io.cucumber.testng.FeatureWrapper)[pri:0, instance:com.testorangehrm.runner.Runner@49e53c76]" started-at="2024-12-05T10:25:01 WIB" name="runScenario" description="Runs Cucumber Scenarios" data-provider="scenarios" finished-at="2024-12-05T10:25:11 WIB" duration-ms="9477" status="PASS">
          <params>
            <param index="0">
              <value>
                <![CDATA["1.1 Admin login into orange hrm with valid credentials"]]>
              </value>
            </param>
            <param index="1">
              <value>
                <![CDATA["1. Login orange hrm"]]>
              </value>
            </param>
          </params>
          <reporter-output>
          </reporter-output>
        </test-method> <!-- runScenario -->
        <test-method signature="runScenario(io.cucumber.testng.PickleWrapper,io.cucumber.testng.FeatureWrapper)[pri:0, instance:com.testorangehrm.runner.Runner@49e53c76]" started-at="2024-12-05T10:25:11 WIB" name="runScenario" description="Runs Cucumber Scenarios" data-provider="scenarios" finished-at="2024-12-05T10:25:17 WIB" duration-ms="6367" status="PASS">
          <params>
            <param index="0">
              <value>
                <![CDATA["1.2 Admin login into orange hrm with invalid username credentials"]]>
              </value>
            </param>
            <param index="1">
              <value>
                <![CDATA["1. Login orange hrm"]]>
              </value>
            </param>
          </params>
          <reporter-output>
          </reporter-output>
        </test-method> <!-- runScenario -->
        <test-method signature="runScenario(io.cucumber.testng.PickleWrapper,io.cucumber.testng.FeatureWrapper)[pri:0, instance:com.testorangehrm.runner.Runner@49e53c76]" started-at="2024-12-05T10:25:17 WIB" name="runScenario" description="Runs Cucumber Scenarios" data-provider="scenarios" finished-at="2024-12-05T10:25:24 WIB" duration-ms="6802" status="PASS">
          <params>
            <param index="0">
              <value>
                <![CDATA["1.3 Admin login into orange hrm with invalid password credentials"]]>
              </value>
            </param>
            <param index="1">
              <value>
                <![CDATA["1. Login orange hrm"]]>
              </value>
            </param>
          </params>
          <reporter-output>
          </reporter-output>
        </test-method> <!-- runScenario -->
        <test-method is-config="true" signature="tearDownClass()[pri:0, instance:com.testorangehrm.runner.Runner@49e53c76]" started-at="2024-12-05T10:25:24 WIB" name="tearDownClass" finished-at="2024-12-05T10:25:24 WIB" duration-ms="123" status="PASS">
          <reporter-output>
          </reporter-output>
        </test-method> <!-- tearDownClass -->
      </class> <!-- com.testorangehrm.runner.Runner -->
    </test> <!-- Default test -->
  </suite> <!-- Default suite -->
</testng-results>
